<?xml version="1.0" encoding="UTF-8"?>
<coverage generated="1691850980993" clover="3.2.0">
  <project timestamp="1691850980993" name="All files">
    <metrics statements="108" coveredstatements="108" conditionals="42" coveredconditionals="41" methods="6" coveredmethods="6" elements="156" coveredelements="155" complexity="0" loc="108" ncloc="108" packages="1" files="1" classes="1"/>
    <file name="caixa-da-lanchonete.js" path="C:\Users\danil\Documents\VsCode\Desafio\desafio-danilo-monteiro\src\caixa-da-lanchonete.js">
      <metrics statements="108" coveredstatements="108" conditionals="42" coveredconditionals="41" methods="6" coveredmethods="6"/>
      <line num="1" count="1" type="stmt"/>
      <line num="2" count="1" type="cond" truecount="1" falsecount="0"/>
      <line num="3" count="19" type="stmt"/>
      <line num="4" count="19" type="stmt"/>
      <line num="5" count="19" type="stmt"/>
      <line num="6" count="19" type="stmt"/>
      <line num="7" count="19" type="stmt"/>
      <line num="8" count="19" type="stmt"/>
      <line num="9" count="19" type="stmt"/>
      <line num="10" count="19" type="stmt"/>
      <line num="11" count="19" type="stmt"/>
      <line num="12" count="19" type="stmt"/>
      <line num="13" count="19" type="stmt"/>
      <line num="14" count="19" type="stmt"/>
      <line num="15" count="1" type="stmt"/>
      <line num="16" count="1" type="cond" truecount="1" falsecount="0"/>
      <line num="17" count="19" type="cond" truecount="1" falsecount="0"/>
      <line num="18" count="1" type="stmt"/>
      <line num="19" count="1" type="cond" truecount="1" falsecount="0"/>
      <line num="20" count="18" type="stmt"/>
      <line num="21" count="19" type="cond" truecount="1" falsecount="0"/>
      <line num="22" count="3" type="stmt"/>
      <line num="23" count="3" type="cond" truecount="1" falsecount="0"/>
      <line num="24" count="15" type="stmt"/>
      <line num="25" count="15" type="stmt"/>
      <line num="26" count="15" type="stmt"/>
      <line num="27" count="15" type="stmt"/>
      <line num="28" count="19" type="cond" truecount="1" falsecount="0"/>
      <line num="29" count="27" type="stmt"/>
      <line num="30" count="27" type="stmt"/>
      <line num="31" count="27" type="stmt"/>
      <line num="32" count="27" type="cond" truecount="1" falsecount="0"/>
      <line num="33" count="2" type="stmt"/>
      <line num="34" count="2" type="cond" truecount="1" falsecount="0"/>
      <line num="35" count="25" type="stmt"/>
      <line num="36" count="27" type="cond" truecount="1" falsecount="0"/>
      <line num="37" count="1" type="stmt"/>
      <line num="38" count="1" type="cond" truecount="1" falsecount="0"/>
      <line num="39" count="24" type="stmt"/>
      <line num="40" count="24" type="stmt"/>
      <line num="41" count="24" type="stmt"/>
      <line num="42" count="24" type="cond" truecount="1" falsecount="0"/>
      <line num="43" count="12" type="stmt"/>
      <line num="44" count="12" type="stmt"/>
      <line num="45" count="12" type="stmt"/>
      <line num="46" count="19" type="cond" truecount="2" falsecount="0"/>
      <line num="47" count="8" type="stmt"/>
      <line num="48" count="19" type="cond" truecount="1" falsecount="0"/>
      <line num="49" count="2" type="stmt"/>
      <line num="50" count="19" type="cond" truecount="2" falsecount="0"/>
      <line num="51" count="3" type="stmt"/>
      <line num="52" count="3" type="cond" truecount="1" falsecount="0"/>
      <line num="53" count="8" type="stmt"/>
      <line num="54" count="8" type="stmt"/>
      <line num="55" count="8" type="stmt"/>
      <line num="56" count="1" type="stmt"/>
      <line num="57" count="1" type="cond" truecount="1" falsecount="0"/>
      <line num="58" count="8" type="stmt"/>
      <line num="59" count="8" type="stmt"/>
      <line num="60" count="1" type="stmt"/>
      <line num="61" count="1" type="cond" truecount="1" falsecount="0"/>
      <line num="62" count="12" type="cond" truecount="1" falsecount="0"/>
      <line num="63" count="23" type="stmt"/>
      <line num="64" count="23" type="cond" truecount="1" falsecount="0"/>
      <line num="65" count="23" type="cond" truecount="1" falsecount="0"/>
      <line num="66" count="23" type="cond" truecount="1" falsecount="0"/>
      <line num="67" count="3" type="stmt"/>
      <line num="68" count="3" type="stmt"/>
      <line num="69" count="1" type="stmt"/>
      <line num="70" count="1" type="cond" truecount="1" falsecount="0"/>
      <line num="71" count="82" type="stmt"/>
      <line num="72" count="82" type="cond" truecount="2" falsecount="0"/>
      <line num="73" count="78" type="stmt"/>
      <line num="74" count="82" type="cond" truecount="2" falsecount="0"/>
      <line num="75" count="50" type="stmt"/>
      <line num="76" count="50" type="stmt"/>
      <line num="77" count="1" type="stmt"/>
      <line num="78" count="1" type="cond" truecount="1" falsecount="0"/>
      <line num="79" count="12" type="stmt"/>
      <line num="80" count="12" type="stmt"/>
      <line num="81" count="12" type="stmt"/>
      <line num="82" count="12" type="stmt"/>
      <line num="83" count="12" type="cond" truecount="2" falsecount="0"/>
      <line num="84" count="9" type="stmt"/>
      <line num="85" count="12" type="cond" truecount="1" falsecount="0"/>
      <line num="86" count="20" type="stmt"/>
      <line num="87" count="20" type="cond" truecount="1" falsecount="0"/>
      <line num="88" count="2" type="cond" truecount="1" falsecount="0"/>
      <line num="89" count="3" type="stmt"/>
      <line num="90" count="3" type="cond" truecount="0" falsecount="1"/>
      <line num="91" count="3" type="stmt"/>
      <line num="92" count="2" type="stmt"/>
      <line num="93" count="2" type="stmt"/>
      <line num="94" count="2" type="cond" truecount="1" falsecount="0"/>
      <line num="95" count="20" type="cond" truecount="1" falsecount="0"/>
      <line num="96" count="7" type="cond" truecount="1" falsecount="0"/>
      <line num="97" count="18" type="stmt"/>
      <line num="98" count="18" type="cond" truecount="1" falsecount="0"/>
      <line num="99" count="18" type="stmt"/>
      <line num="100" count="7" type="stmt"/>
      <line num="101" count="7" type="cond" truecount="1" falsecount="0"/>
      <line num="102" count="7" type="stmt"/>
      <line num="103" count="20" type="cond" truecount="1" falsecount="0"/>
      <line num="104" count="5" type="stmt"/>
      <line num="105" count="5" type="stmt"/>
      <line num="106" count="1" type="stmt"/>
      <line num="107" count="1" type="stmt"/>
      <line num="108" count="1" type="stmt"/>
    </file>
  </project>
</coverage>
