{"C:\\Users\\danil\\Documents\\VsCode\\Desafio\\desafio-danilo-monteiro\\src\\caixa-da-lanchonete.js": {"path":"C:\\Users\\danil\\Documents\\VsCode\\Desafio\\desafio-danilo-monteiro\\src\\caixa-da-lanchonete.js","all":false,"statementMap":{"0":{"start":{"line":1,"column":0},"end":{"line":1,"column":25}},"1":{"start":{"line":2,"column":0},"end":{"line":2,"column":66}},"2":{"start":{"line":3,"column":0},"end":{"line":3,"column":68}},"3":{"start":{"line":4,"column":0},"end":{"line":4,"column":25}},"4":{"start":{"line":5,"column":0},"end":{"line":5,"column":25}},"5":{"start":{"line":6,"column":0},"end":{"line":6,"column":29}},"6":{"start":{"line":7,"column":0},"end":{"line":7,"column":25}},"7":{"start":{"line":8,"column":0},"end":{"line":8,"column":30}},"8":{"start":{"line":9,"column":0},"end":{"line":9,"column":27}},"9":{"start":{"line":10,"column":0},"end":{"line":10,"column":28}},"10":{"start":{"line":11,"column":0},"end":{"line":11,"column":27}},"11":{"start":{"line":12,"column":0},"end":{"line":12,"column":26}},"12":{"start":{"line":13,"column":0},"end":{"line":13,"column":10}},"13":{"start":{"line":14,"column":0},"end":{"line":14,"column":5}},"14":{"start":{"line":15,"column":0},"end":{"line":15,"column":0}},"15":{"start":{"line":16,"column":0},"end":{"line":16,"column":53}},"16":{"start":{"line":17,"column":0},"end":{"line":17,"column":101}},"17":{"start":{"line":18,"column":0},"end":{"line":18,"column":50}},"18":{"start":{"line":19,"column":0},"end":{"line":19,"column":9}},"19":{"start":{"line":20,"column":0},"end":{"line":20,"column":0}},"20":{"start":{"line":21,"column":0},"end":{"line":21,"column":56}},"21":{"start":{"line":22,"column":0},"end":{"line":22,"column":57}},"22":{"start":{"line":23,"column":0},"end":{"line":23,"column":9}},"23":{"start":{"line":24,"column":0},"end":{"line":24,"column":0}},"24":{"start":{"line":25,"column":0},"end":{"line":25,"column":22}},"25":{"start":{"line":26,"column":0},"end":{"line":26,"column":26}},"26":{"start":{"line":27,"column":0},"end":{"line":27,"column":0}},"27":{"start":{"line":28,"column":0},"end":{"line":28,"column":33}},"28":{"start":{"line":29,"column":0},"end":{"line":29,"column":56}},"29":{"start":{"line":30,"column":0},"end":{"line":30,"column":47}},"30":{"start":{"line":31,"column":0},"end":{"line":31,"column":0}},"31":{"start":{"line":32,"column":0},"end":{"line":32,"column":66}},"32":{"start":{"line":33,"column":0},"end":{"line":33,"column":40}},"33":{"start":{"line":34,"column":0},"end":{"line":34,"column":13}},"34":{"start":{"line":35,"column":0},"end":{"line":35,"column":0}},"35":{"start":{"line":36,"column":0},"end":{"line":36,"column":57}},"36":{"start":{"line":37,"column":0},"end":{"line":37,"column":46}},"37":{"start":{"line":38,"column":0},"end":{"line":38,"column":13}},"38":{"start":{"line":39,"column":0},"end":{"line":39,"column":0}},"39":{"start":{"line":40,"column":0},"end":{"line":40,"column":51}},"40":{"start":{"line":41,"column":0},"end":{"line":41,"column":40}},"41":{"start":{"line":42,"column":0},"end":{"line":42,"column":9}},"42":{"start":{"line":43,"column":0},"end":{"line":43,"column":0}},"43":{"start":{"line":44,"column":0},"end":{"line":44,"column":43}},"44":{"start":{"line":45,"column":0},"end":{"line":45,"column":43}},"45":{"start":{"line":46,"column":0},"end":{"line":46,"column":68}},"46":{"start":{"line":47,"column":0},"end":{"line":47,"column":0}},"47":{"start":{"line":48,"column":0},"end":{"line":48,"column":47}},"48":{"start":{"line":49,"column":0},"end":{"line":49,"column":44}},"49":{"start":{"line":50,"column":0},"end":{"line":50,"column":53}},"50":{"start":{"line":51,"column":0},"end":{"line":51,"column":45}},"51":{"start":{"line":52,"column":0},"end":{"line":52,"column":9}},"52":{"start":{"line":53,"column":0},"end":{"line":53,"column":0}},"53":{"start":{"line":54,"column":0},"end":{"line":54,"column":40}},"54":{"start":{"line":55,"column":0},"end":{"line":55,"column":5}},"55":{"start":{"line":56,"column":0},"end":{"line":56,"column":32}},"56":{"start":{"line":57,"column":0},"end":{"line":57,"column":25}},"57":{"start":{"line":58,"column":0},"end":{"line":58,"column":58}},"58":{"start":{"line":59,"column":0},"end":{"line":59,"column":5}},"59":{"start":{"line":60,"column":0},"end":{"line":60,"column":54}},"60":{"start":{"line":61,"column":0},"end":{"line":61,"column":24}},"61":{"start":{"line":62,"column":0},"end":{"line":62,"column":48}},"62":{"start":{"line":63,"column":0},"end":{"line":63,"column":43}},"63":{"start":{"line":64,"column":0},"end":{"line":64,"column":83}},"64":{"start":{"line":65,"column":0},"end":{"line":65,"column":28}},"65":{"start":{"line":66,"column":0},"end":{"line":66,"column":9}},"66":{"start":{"line":67,"column":0},"end":{"line":67,"column":21}},"67":{"start":{"line":68,"column":0},"end":{"line":68,"column":5}},"68":{"start":{"line":69,"column":0},"end":{"line":69,"column":28}},"69":{"start":{"line":70,"column":0},"end":{"line":70,"column":23}},"70":{"start":{"line":71,"column":0},"end":{"line":71,"column":32}},"71":{"start":{"line":72,"column":0},"end":{"line":72,"column":21}},"72":{"start":{"line":73,"column":0},"end":{"line":73,"column":30}},"73":{"start":{"line":74,"column":0},"end":{"line":74,"column":21}},"74":{"start":{"line":75,"column":0},"end":{"line":75,"column":17}},"75":{"start":{"line":76,"column":0},"end":{"line":76,"column":5}},"76":{"start":{"line":77,"column":0},"end":{"line":77,"column":60}},"77":{"start":{"line":78,"column":0},"end":{"line":78,"column":27}},"78":{"start":{"line":79,"column":0},"end":{"line":79,"column":32}},"79":{"start":{"line":80,"column":0},"end":{"line":80,"column":37}},"80":{"start":{"line":81,"column":0},"end":{"line":81,"column":0}},"81":{"start":{"line":82,"column":0},"end":{"line":82,"column":86}},"82":{"start":{"line":83,"column":0},"end":{"line":83,"column":24}},"83":{"start":{"line":84,"column":0},"end":{"line":84,"column":0}},"84":{"start":{"line":85,"column":0},"end":{"line":85,"column":98}},"85":{"start":{"line":86,"column":0},"end":{"line":86,"column":43}},"86":{"start":{"line":87,"column":0},"end":{"line":87,"column":50}},"87":{"start":{"line":88,"column":0},"end":{"line":88,"column":56}},"88":{"start":{"line":89,"column":0},"end":{"line":89,"column":52}},"89":{"start":{"line":90,"column":0},"end":{"line":90,"column":43}},"90":{"start":{"line":91,"column":0},"end":{"line":91,"column":17}},"91":{"start":{"line":92,"column":0},"end":{"line":92,"column":33}},"92":{"start":{"line":93,"column":0},"end":{"line":93,"column":33}},"93":{"start":{"line":94,"column":0},"end":{"line":94,"column":13}},"94":{"start":{"line":95,"column":0},"end":{"line":95,"column":50}},"95":{"start":{"line":96,"column":0},"end":{"line":96,"column":56}},"96":{"start":{"line":97,"column":0},"end":{"line":97,"column":57}},"97":{"start":{"line":98,"column":0},"end":{"line":98,"column":48}},"98":{"start":{"line":99,"column":0},"end":{"line":99,"column":17}},"99":{"start":{"line":100,"column":0},"end":{"line":100,"column":38}},"100":{"start":{"line":101,"column":0},"end":{"line":101,"column":33}},"101":{"start":{"line":102,"column":0},"end":{"line":102,"column":13}},"102":{"start":{"line":103,"column":0},"end":{"line":103,"column":9}},"103":{"start":{"line":104,"column":0},"end":{"line":104,"column":20}},"104":{"start":{"line":105,"column":0},"end":{"line":105,"column":5}},"105":{"start":{"line":106,"column":0},"end":{"line":106,"column":1}},"106":{"start":{"line":107,"column":0},"end":{"line":107,"column":0}},"107":{"start":{"line":108,"column":0},"end":{"line":108,"column":29}}},"s":{"0":1,"1":1,"2":19,"3":19,"4":19,"5":19,"6":19,"7":19,"8":19,"9":19,"10":19,"11":19,"12":19,"13":19,"14":1,"15":1,"16":19,"17":1,"18":1,"19":18,"20":19,"21":3,"22":3,"23":15,"24":15,"25":15,"26":15,"27":19,"28":27,"29":27,"30":27,"31":27,"32":2,"33":2,"34":25,"35":27,"36":1,"37":1,"38":24,"39":24,"40":24,"41":24,"42":12,"43":12,"44":12,"45":19,"46":8,"47":19,"48":2,"49":19,"50":3,"51":3,"52":8,"53":8,"54":8,"55":1,"56":1,"57":8,"58":8,"59":1,"60":1,"61":12,"62":23,"63":23,"64":23,"65":23,"66":3,"67":3,"68":1,"69":1,"70":82,"71":82,"72":78,"73":82,"74":50,"75":50,"76":1,"77":1,"78":12,"79":12,"80":12,"81":12,"82":12,"83":9,"84":12,"85":20,"86":20,"87":2,"88":3,"89":3,"90":3,"91":2,"92":2,"93":2,"94":20,"95":7,"96":18,"97":18,"98":18,"99":7,"100":7,"101":7,"102":20,"103":5,"104":5,"105":1,"106":1,"107":1},"branchMap":{"0":{"type":"branch","line":2,"loc":{"start":{"line":2,"column":4},"end":{"line":14,"column":5}},"locations":[{"start":{"line":2,"column":4},"end":{"line":14,"column":5}}]},"1":{"type":"branch","line":16,"loc":{"start":{"line":16,"column":4},"end":{"line":55,"column":5}},"locations":[{"start":{"line":16,"column":4},"end":{"line":55,"column":5}}]},"2":{"type":"branch","line":17,"loc":{"start":{"line":17,"column":66},"end":{"line":19,"column":9}},"locations":[{"start":{"line":17,"column":66},"end":{"line":19,"column":9}}]},"3":{"type":"branch","line":19,"loc":{"start":{"line":19,"column":8},"end":{"line":21,"column":32}},"locations":[{"start":{"line":19,"column":8},"end":{"line":21,"column":32}}]},"4":{"type":"branch","line":21,"loc":{"start":{"line":21,"column":32},"end":{"line":23,"column":9}},"locations":[{"start":{"line":21,"column":32},"end":{"line":23,"column":9}}]},"5":{"type":"branch","line":23,"loc":{"start":{"line":23,"column":8},"end":{"line":28,"column":32}},"locations":[{"start":{"line":23,"column":8},"end":{"line":28,"column":32}}]},"6":{"type":"branch","line":28,"loc":{"start":{"line":28,"column":32},"end":{"line":42,"column":9}},"locations":[{"start":{"line":28,"column":32},"end":{"line":42,"column":9}}]},"7":{"type":"branch","line":32,"loc":{"start":{"line":32,"column":45},"end":{"line":34,"column":13}},"locations":[{"start":{"line":32,"column":45},"end":{"line":34,"column":13}}]},"8":{"type":"branch","line":34,"loc":{"start":{"line":34,"column":12},"end":{"line":36,"column":33}},"locations":[{"start":{"line":34,"column":12},"end":{"line":36,"column":33}}]},"9":{"type":"branch","line":36,"loc":{"start":{"line":36,"column":33},"end":{"line":38,"column":13}},"locations":[{"start":{"line":36,"column":33},"end":{"line":38,"column":13}}]},"10":{"type":"branch","line":38,"loc":{"start":{"line":38,"column":12},"end":{"line":42,"column":9}},"locations":[{"start":{"line":38,"column":12},"end":{"line":42,"column":9}}]},"11":{"type":"branch","line":42,"loc":{"start":{"line":42,"column":8},"end":{"line":45,"column":43}},"locations":[{"start":{"line":42,"column":8},"end":{"line":45,"column":43}}]},"12":{"type":"branch","line":46,"loc":{"start":{"line":46,"column":12},"end":{"line":46,"column":68}},"locations":[{"start":{"line":46,"column":12},"end":{"line":46,"column":68}}]},"13":{"type":"branch","line":46,"loc":{"start":{"line":46,"column":67},"end":{"line":48,"column":46}},"locations":[{"start":{"line":46,"column":67},"end":{"line":48,"column":46}}]},"14":{"type":"branch","line":48,"loc":{"start":{"line":48,"column":46},"end":{"line":50,"column":9}},"locations":[{"start":{"line":48,"column":46},"end":{"line":50,"column":9}}]},"15":{"type":"branch","line":50,"loc":{"start":{"line":50,"column":9},"end":{"line":52,"column":9}},"locations":[{"start":{"line":50,"column":9},"end":{"line":52,"column":9}}]},"16":{"type":"branch","line":50,"loc":{"start":{"line":50,"column":52},"end":{"line":52,"column":9}},"locations":[{"start":{"line":50,"column":52},"end":{"line":52,"column":9}}]},"17":{"type":"branch","line":52,"loc":{"start":{"line":52,"column":8},"end":{"line":55,"column":5}},"locations":[{"start":{"line":52,"column":8},"end":{"line":55,"column":5}}]},"18":{"type":"branch","line":57,"loc":{"start":{"line":57,"column":4},"end":{"line":59,"column":5}},"locations":[{"start":{"line":57,"column":4},"end":{"line":59,"column":5}}]},"19":{"type":"branch","line":61,"loc":{"start":{"line":61,"column":4},"end":{"line":68,"column":5}},"locations":[{"start":{"line":61,"column":4},"end":{"line":68,"column":5}}]},"20":{"type":"branch","line":62,"loc":{"start":{"line":62,"column":47},"end":{"line":66,"column":9}},"locations":[{"start":{"line":62,"column":47},"end":{"line":66,"column":9}}]},"21":{"type":"branch","line":64,"loc":{"start":{"line":64,"column":47},"end":{"line":64,"column":82}},"locations":[{"start":{"line":64,"column":47},"end":{"line":64,"column":82}}]},"22":{"type":"branch","line":65,"loc":{"start":{"line":65,"column":16},"end":{"line":65,"column":28}},"locations":[{"start":{"line":65,"column":16},"end":{"line":65,"column":28}}]},"23":{"type":"branch","line":66,"loc":{"start":{"line":66,"column":8},"end":{"line":68,"column":5}},"locations":[{"start":{"line":66,"column":8},"end":{"line":68,"column":5}}]},"24":{"type":"branch","line":70,"loc":{"start":{"line":70,"column":4},"end":{"line":76,"column":5}},"locations":[{"start":{"line":70,"column":4},"end":{"line":76,"column":5}}]},"25":{"type":"branch","line":72,"loc":{"start":{"line":72,"column":12},"end":{"line":72,"column":21}},"locations":[{"start":{"line":72,"column":12},"end":{"line":72,"column":21}}]},"26":{"type":"branch","line":72,"loc":{"start":{"line":72,"column":20},"end":{"line":73,"column":30}},"locations":[{"start":{"line":72,"column":20},"end":{"line":73,"column":30}}]},"27":{"type":"branch","line":74,"loc":{"start":{"line":74,"column":12},"end":{"line":74,"column":21}},"locations":[{"start":{"line":74,"column":12},"end":{"line":74,"column":21}}]},"28":{"type":"branch","line":74,"loc":{"start":{"line":74,"column":20},"end":{"line":76,"column":5}},"locations":[{"start":{"line":74,"column":20},"end":{"line":76,"column":5}}]},"29":{"type":"branch","line":78,"loc":{"start":{"line":78,"column":4},"end":{"line":105,"column":5}},"locations":[{"start":{"line":78,"column":4},"end":{"line":105,"column":5}}]},"30":{"type":"branch","line":83,"loc":{"start":{"line":83,"column":12},"end":{"line":83,"column":24}},"locations":[{"start":{"line":83,"column":12},"end":{"line":83,"column":24}}]},"31":{"type":"branch","line":83,"loc":{"start":{"line":83,"column":23},"end":{"line":85,"column":47}},"locations":[{"start":{"line":83,"column":23},"end":{"line":85,"column":47}}]},"32":{"type":"branch","line":85,"loc":{"start":{"line":85,"column":47},"end":{"line":103,"column":9}},"locations":[{"start":{"line":85,"column":47},"end":{"line":103,"column":9}}]},"33":{"type":"branch","line":87,"loc":{"start":{"line":87,"column":49},"end":{"line":94,"column":13}},"locations":[{"start":{"line":87,"column":49},"end":{"line":94,"column":13}}]},"34":{"type":"branch","line":88,"loc":{"start":{"line":88,"column":55},"end":{"line":91,"column":17}},"locations":[{"start":{"line":88,"column":55},"end":{"line":91,"column":17}}]},"35":{"type":"branch","line":90,"loc":{"start":{"line":90,"column":24},"end":{"line":90,"column":43}},"locations":[{"start":{"line":90,"column":24},"end":{"line":90,"column":43}}]},"36":{"type":"branch","line":94,"loc":{"start":{"line":94,"column":12},"end":{"line":95,"column":49}},"locations":[{"start":{"line":94,"column":12},"end":{"line":95,"column":49}}]},"37":{"type":"branch","line":95,"loc":{"start":{"line":95,"column":49},"end":{"line":102,"column":13}},"locations":[{"start":{"line":95,"column":49},"end":{"line":102,"column":13}}]},"38":{"type":"branch","line":96,"loc":{"start":{"line":96,"column":55},"end":{"line":99,"column":17}},"locations":[{"start":{"line":96,"column":55},"end":{"line":99,"column":17}}]},"39":{"type":"branch","line":98,"loc":{"start":{"line":98,"column":24},"end":{"line":98,"column":48}},"locations":[{"start":{"line":98,"column":24},"end":{"line":98,"column":48}}]},"40":{"type":"branch","line":101,"loc":{"start":{"line":101,"column":20},"end":{"line":101,"column":33}},"locations":[{"start":{"line":101,"column":20},"end":{"line":101,"column":33}}]},"41":{"type":"branch","line":103,"loc":{"start":{"line":103,"column":8},"end":{"line":105,"column":5}},"locations":[{"start":{"line":103,"column":8},"end":{"line":105,"column":5}}]}},"b":{"0":[19],"1":[19],"2":[1],"3":[18],"4":[3],"5":[15],"6":[27],"7":[2],"8":[25],"9":[1],"10":[24],"11":[12],"12":[4],"13":[8],"14":[2],"15":[6],"16":[3],"17":[8],"18":[8],"19":[12],"20":[23],"21":[21],"22":[9],"23":[3],"24":[82],"25":[4],"26":[78],"27":[28],"28":[50],"29":[12],"30":[3],"31":[9],"32":[20],"33":[2],"34":[3],"35":[0],"36":[18],"37":[7],"38":[18],"39":[5],"40":[2],"41":[5]},"fnMap":{"0":{"name":"CaixaDaLanchonete","decl":{"start":{"line":2,"column":4},"end":{"line":14,"column":5}},"loc":{"start":{"line":2,"column":4},"end":{"line":14,"column":5}},"line":2},"1":{"name":"calcularValorDaCompra","decl":{"start":{"line":16,"column":4},"end":{"line":55,"column":5}},"loc":{"start":{"line":16,"column":4},"end":{"line":55,"column":5}},"line":16},"2":{"name":"formataValor","decl":{"start":{"line":57,"column":4},"end":{"line":59,"column":5}},"loc":{"start":{"line":57,"column":4},"end":{"line":59,"column":5}},"line":57},"3":{"name":"possuiExtra","decl":{"start":{"line":61,"column":4},"end":{"line":68,"column":5}},"loc":{"start":{"line":61,"column":4},"end":{"line":68,"column":5}},"line":61},"4":{"name":"ehItemExtra","decl":{"start":{"line":70,"column":4},"end":{"line":76,"column":5}},"loc":{"start":{"line":70,"column":4},"end":{"line":76,"column":5}},"line":70},"5":{"name":"verificaPedido","decl":{"start":{"line":78,"column":4},"end":{"line":105,"column":5}},"loc":{"start":{"line":78,"column":4},"end":{"line":105,"column":5}},"line":78}},"f":{"0":19,"1":19,"2":8,"3":12,"4":82,"5":12}}
}
