TN:
SF:src\caixa-da-lanchonete.js
FN:3,CaixaDaLanchonete
FN:17,calcularValorDaCompra
FN:56,ehItemExtra
FN:64,ehItemCombo
FN:68,formataValor
FNF:5
FNH:3
FNDA:19,CaixaDaLanchonete
FNDA:19,calcularValorDaCompra
FNDA:0,ehItemExtra
FNDA:0,ehItemCombo
FNDA:12,formataValor
DA:1,1
DA:2,1
DA:3,1
DA:4,19
DA:5,19
DA:6,19
DA:7,19
DA:8,19
DA:9,19
DA:10,19
DA:11,19
DA:12,19
DA:13,19
DA:14,19
DA:15,19
DA:16,1
DA:17,1
DA:18,19
DA:19,1
DA:20,1
DA:21,18
DA:22,19
DA:23,3
DA:24,3
DA:25,15
DA:26,15
DA:27,15
DA:28,15
DA:29,19
DA:30,27
DA:31,27
DA:32,27
DA:33,27
DA:34,2
DA:35,2
DA:36,25
DA:37,27
DA:38,1
DA:39,1
DA:40,24
DA:41,24
DA:42,24
DA:43,24
DA:44,12
DA:45,12
DA:46,12
DA:47,19
DA:48,3
DA:49,19
DA:50,5
DA:51,5
DA:52,12
DA:53,12
DA:54,12
DA:55,1
DA:56,1
DA:57,0
DA:58,0
DA:59,0
DA:60,0
DA:61,0
DA:62,0
DA:63,1
DA:64,1
DA:65,0
DA:66,0
DA:67,1
DA:68,1
DA:69,12
DA:70,12
DA:71,1
DA:72,1
DA:73,1
LF:73
LH:65
BRDA:3,0,0,19
BRDA:17,1,0,19
BRDA:18,2,0,1
BRDA:20,3,0,18
BRDA:22,4,0,3
BRDA:24,5,0,15
BRDA:29,6,0,27
BRDA:33,7,0,2
BRDA:35,8,0,25
BRDA:37,9,0,1
BRDA:39,10,0,24
BRDA:43,11,0,12
BRDA:47,12,0,3
BRDA:49,13,0,9
BRDA:49,14,0,5
BRDA:51,15,0,12
BRDA:68,16,0,12
BRF:17
BRH:17
end_of_record
