TN:
SF:src\caixa-da-lanchonete.js
FN:2,CaixaDaLanchonete
FN:16,calcularValorDaCompra
FN:57,formataValor
FN:61,possuiExtra
FN:70,ehItemExtra
FN:78,verificaPedido
FNF:6
FNH:6
FNDA:19,CaixaDaLanchonete
FNDA:19,calcularValorDaCompra
FNDA:8,formataValor
FNDA:12,possuiExtra
FNDA:82,ehItemExtra
FNDA:12,verificaPedido
DA:1,1
DA:2,1
DA:3,19
DA:4,19
DA:5,19
DA:6,19
DA:7,19
DA:8,19
DA:9,19
DA:10,19
DA:11,19
DA:12,19
DA:13,19
DA:14,19
DA:15,1
DA:16,1
DA:17,19
DA:18,1
DA:19,1
DA:20,18
DA:21,19
DA:22,3
DA:23,3
DA:24,15
DA:25,15
DA:26,15
DA:27,15
DA:28,19
DA:29,27
DA:30,27
DA:31,27
DA:32,27
DA:33,2
DA:34,2
DA:35,25
DA:36,27
DA:37,1
DA:38,1
DA:39,24
DA:40,24
DA:41,24
DA:42,24
DA:43,12
DA:44,12
DA:45,12
DA:46,19
DA:47,8
DA:48,19
DA:49,2
DA:50,19
DA:51,3
DA:52,3
DA:53,8
DA:54,8
DA:55,8
DA:56,1
DA:57,1
DA:58,8
DA:59,8
DA:60,1
DA:61,1
DA:62,12
DA:63,23
DA:64,23
DA:65,23
DA:66,23
DA:67,3
DA:68,3
DA:69,1
DA:70,1
DA:71,82
DA:72,82
DA:73,78
DA:74,82
DA:75,50
DA:76,50
DA:77,1
DA:78,1
DA:79,12
DA:80,12
DA:81,12
DA:82,12
DA:83,12
DA:84,9
DA:85,12
DA:86,20
DA:87,20
DA:88,2
DA:89,3
DA:90,3
DA:91,3
DA:92,2
DA:93,2
DA:94,2
DA:95,20
DA:96,7
DA:97,18
DA:98,18
DA:99,18
DA:100,7
DA:101,7
DA:102,7
DA:103,20
DA:104,5
DA:105,5
DA:106,1
DA:107,1
DA:108,1
LF:108
LH:108
BRDA:2,0,0,19
BRDA:16,1,0,19
BRDA:17,2,0,1
BRDA:19,3,0,18
BRDA:21,4,0,3
BRDA:23,5,0,15
BRDA:28,6,0,27
BRDA:32,7,0,2
BRDA:34,8,0,25
BRDA:36,9,0,1
BRDA:38,10,0,24
BRDA:42,11,0,12
BRDA:46,12,0,4
BRDA:46,13,0,8
BRDA:48,14,0,2
BRDA:50,15,0,6
BRDA:50,16,0,3
BRDA:52,17,0,8
BRDA:57,18,0,8
BRDA:61,19,0,12
BRDA:62,20,0,23
BRDA:64,21,0,21
BRDA:65,22,0,9
BRDA:66,23,0,3
BRDA:70,24,0,82
BRDA:72,25,0,4
BRDA:72,26,0,78
BRDA:74,27,0,28
BRDA:74,28,0,50
BRDA:78,29,0,12
BRDA:83,30,0,3
BRDA:83,31,0,9
BRDA:85,32,0,20
BRDA:87,33,0,2
BRDA:88,34,0,3
BRDA:90,35,0,0
BRDA:94,36,0,18
BRDA:95,37,0,7
BRDA:96,38,0,18
BRDA:98,39,0,5
BRDA:101,40,0,2
BRDA:103,41,0,5
BRF:42
BRH:41
end_of_record
